2023-06-25 11:39:33,547 - ImageReader - WARNING - Image C:\Users\gudug\PycharmProjects\hw\data\a01\a01-117\a01-117-05-02.png could not be read, returning None.
2023-06-25 11:39:33,547 - DataProvider - WARNING - Data or annotation is None, marking for removal on epoch end.
2023-06-25 11:39:33,548 - DataProvider - WARNING - Data or annotation is None, skipping.
2023-06-25 11:43:46,800 - ImageReader - WARNING - Image C:\Users\gudug\PycharmProjects\hw\data\r06\r06-022\r06-022-03-05.png could not be read, returning None.
2023-06-25 11:43:46,821 - DataProvider - WARNING - Data or annotation is None, marking for removal on epoch end.
2023-06-25 11:43:46,822 - DataProvider - WARNING - Data or annotation is None, skipping.
2023-06-25 12:08:15,052 - DataProvider - WARNING - Removing ['C:\\Users\\gudug\\PycharmProjects\\hw\\data\\a01\\a01-117\\a01-117-05-02.png', 'Powell'] from dataset.
2023-06-25 12:08:15,109 - DataProvider - WARNING - Removing ['C:\\Users\\gudug\\PycharmProjects\\hw\\data\\r06\\r06-022\\r06-022-03-05.png', 'more'] from dataset.
2023-06-25 12:09:00,811 - root - INFO - Epoch 0; loss: 12.851956367492676; CER: 0.8265435695648193; WER: 0.9147658944129944; val_loss: 10.990132331848145; val_CER: 0.6703479290008545; val_WER: 0.8619116544723511
2023-06-25 12:33:24,167 - root - INFO - Epoch 1; loss: 9.612802505493164; CER: 0.5808815956115723; WER: 0.7795479893684387; val_loss: 8.112844467163086; val_CER: 0.4924931526184082; val_WER: 0.7336719632148743
2023-06-25 12:51:08,383 - root - INFO - Epoch 2; loss: 7.848191738128662; CER: 0.47092077136039734; WER: 0.7138627767562866; val_loss: 6.29599666595459; val_CER: 0.3741321563720703; val_WER: 0.6406800746917725
2023-06-25 13:11:10,043 - root - INFO - Epoch 3; loss: 6.468735694885254; CER: 0.38657286763191223; WER: 0.6614482402801514; val_loss: 5.132336139678955; val_CER: 0.31189051270484924; val_WER: 0.6010781526565552
2023-06-25 13:36:38,914 - root - INFO - Epoch 4; loss: 5.520962715148926; CER: 0.32625237107276917; WER: 0.6114758849143982; val_loss: 4.074920654296875; val_CER: 0.2414928376674652; val_WER: 0.523533046245575
2023-06-25 14:06:14,278 - root - INFO - Epoch 5; loss: 4.900686740875244; CER: 0.2893844544887543; WER: 0.5756266713142395; val_loss: 3.6095597743988037; val_CER: 0.20922347903251648; val_WER: 0.47688162326812744
2023-06-25 14:33:10,944 - root - INFO - Epoch 6; loss: 4.45682954788208; CER: 0.26364657282829285; WER: 0.54618239402771; val_loss: 4.726534366607666; val_CER: 0.30673372745513916; val_WER: 0.5907111763954163
2023-06-25 15:02:49,787 - root - INFO - Epoch 7; loss: 4.154016494750977; CER: 0.24520957469940186; WER: 0.5228204727172852; val_loss: 2.918375253677368; val_CER: 0.16871561110019684; val_WER: 0.41602736711502075
2023-06-25 15:22:39,227 - root - INFO - Epoch 8; loss: 3.9090311527252197; CER: 0.23152302205562592; WER: 0.5029374957084656; val_loss: 2.716207265853882; val_CER: 0.16279307007789612; val_WER: 0.3995438516139984
2023-06-25 15:42:25,248 - root - INFO - Epoch 9; loss: 3.735042095184326; CER: 0.22240690886974335; WER: 0.4914523959159851; val_loss: 2.5426418781280518; val_CER: 0.14970533549785614; val_WER: 0.3784988522529602
2023-06-25 16:01:39,946 - root - INFO - Epoch 10; loss: 3.510984182357788; CER: 0.20886638760566711; WER: 0.46934613585472107; val_loss: 2.4224460124969482; val_CER: 0.14586402475833893; val_WER: 0.36979058384895325
2023-06-25 16:19:31,419 - root - INFO - Epoch 11; loss: 3.332714796066284; CER: 0.19847345352172852; WER: 0.4555686116218567; val_loss: 2.3405284881591797; val_CER: 0.14139243960380554; val_WER: 0.35828322172164917
2023-06-25 16:36:56,642 - root - INFO - Epoch 12; loss: 3.218682050704956; CER: 0.19247561693191528; WER: 0.445707768201828; val_loss: 2.4156546592712402; val_CER: 0.14122188091278076; val_WER: 0.35475844144821167
2023-06-25 17:05:29,950 - root - INFO - Epoch 13; loss: 3.1146128177642822; CER: 0.18626728653907776; WER: 0.43417656421661377; val_loss: 2.2981395721435547; val_CER: 0.13109605014324188; val_WER: 0.3456355035305023
2023-06-25 17:28:24,856 - root - INFO - Epoch 14; loss: 3.0114123821258545; CER: 0.18050459027290344; WER: 0.4242926836013794; val_loss: 2.980897903442383; val_CER: 0.21292099356651306; val_WER: 0.450238436460495
2023-06-25 17:49:48,760 - root - INFO - Epoch 15; loss: 2.931043863296509; CER: 0.17554210126399994; WER: 0.41755369305610657; val_loss: 1.9946541786193848; val_CER: 0.1224108561873436; val_WER: 0.322102427482605
2023-06-25 18:11:19,843 - root - INFO - Epoch 16; loss: 2.853278398513794; CER: 0.17144405841827393; WER: 0.40860289335250854; val_loss: 2.0009849071502686; val_CER: 0.11678014695644379; val_WER: 0.30883267521858215
2023-06-25 18:32:33,216 - root - INFO - Epoch 17; loss: 2.7881581783294678; CER: 0.16741664707660675; WER: 0.40216338634490967; val_loss: 1.9392144680023193; val_CER: 0.11627746373414993; val_WER: 0.3109060823917389
2023-06-25 18:49:40,816 - root - INFO - Epoch 18; loss: 2.723529100418091; CER: 0.16461674869060516; WER: 0.3967030644416809; val_loss: 1.8963350057601929; val_CER: 0.11068857461214066; val_WER: 0.30188679695129395
2023-06-25 19:06:52,443 - root - INFO - Epoch 19; loss: 2.658945083618164; CER: 0.1607036143541336; WER: 0.3892613649368286; val_loss: 1.8910152912139893; val_CER: 0.11443756520748138; val_WER: 0.30561891198158264
2023-06-25 19:24:05,617 - root - INFO - Epoch 20; loss: 2.602252721786499; CER: 0.15735040605068207; WER: 0.38468804955482483; val_loss: 1.8907157182693481; val_CER: 0.11424335837364197; val_WER: 0.3045822083950043
2023-06-25 19:41:36,827 - root - INFO - Epoch 21; loss: 2.5636167526245117; CER: 0.15527456998825073; WER: 0.38077136874198914; val_loss: 5.371790409088135; val_CER: 0.3446919322013855; val_WER: 0.6209827661514282
2023-06-25 20:05:38,079 - root - INFO - Epoch 22; loss: 2.5297458171844482; CER: 0.15360026061534882; WER: 0.3767049014568329; val_loss: 1.8137530088424683; val_CER: 0.10918412357568741; val_WER: 0.29525190591812134
2023-06-25 20:32:31,556 - root - INFO - Epoch 23; loss: 2.4908266067504883; CER: 0.1504298597574234; WER: 0.3720279335975647; val_loss: 1.7635101079940796; val_CER: 0.10410785675048828; val_WER: 0.28322622179985046
2023-06-25 20:59:06,447 - root - INFO - Epoch 24; loss: 2.445434808731079; CER: 0.14810319244861603; WER: 0.36691319942474365; val_loss: 1.839442491531372; val_CER: 0.10765886306762695; val_WER: 0.29120880365371704
2023-06-25 21:25:38,548 - root - INFO - Epoch 25; loss: 2.4016218185424805; CER: 0.14531780779361725; WER: 0.3625817894935608; val_loss: 1.874216914176941; val_CER: 0.11606903374195099; val_WER: 0.3042711913585663
2023-06-25 21:50:29,091 - root - INFO - Epoch 26; loss: 2.3666911125183105; CER: 0.14418117702007294; WER: 0.35994377732276917; val_loss: 1.6754728555679321; val_CER: 0.10196119546890259; val_WER: 0.27742069959640503
2023-06-25 22:12:15,531 - root - INFO - Epoch 27; loss: 2.3535943031311035; CER: 0.14359833300113678; WER: 0.3569486737251282; val_loss: 2.308846950531006; val_CER: 0.14205782115459442; val_WER: 0.3437694311141968
2023-06-25 22:32:42,716 - root - INFO - Epoch 28; loss: 2.319953680038452; CER: 0.14160194993019104; WER: 0.35472536087036133; val_loss: 1.6716779470443726; val_CER: 0.103070929646492; val_WER: 0.2741032540798187
2023-06-25 22:54:18,183 - root - INFO - Epoch 29; loss: 2.278207302093506; CER: 0.138506680727005; WER: 0.3478826880455017; val_loss: 1.6679407358169556; val_CER: 0.10050413012504578; val_WER: 0.27389591932296753
2023-06-25 23:15:57,785 - root - INFO - Epoch 30; loss: 2.2555108070373535; CER: 0.1377677321434021; WER: 0.34670767188072205; val_loss: 1.6694691181182861; val_CER: 0.09940250962972641; val_WER: 0.2714078426361084
2023-06-25 23:39:36,529 - root - INFO - Epoch 31; loss: 2.225999355316162; CER: 0.13584621250629425; WER: 0.3446226119995117; val_loss: 1.6013221740722656; val_CER: 0.09443327784538269; val_WER: 0.25948581099510193
2023-06-26 17:31:45,677 - root - INFO - Epoch 32; loss: 2.2126429080963135; CER: 0.13464128971099854; WER: 0.3421919643878937; val_loss: 1.7422935962677002; val_CER: 0.10338052362203598; val_WER: 0.2758656442165375
2023-06-26 18:01:17,007 - root - INFO - Epoch 33; loss: 2.1905484199523926; CER: 0.13349275290966034; WER: 0.33897796273231506; val_loss: 1.562245488166809; val_CER: 0.09564416855573654; val_WER: 0.2605224847793579
2023-06-26 18:23:08,732 - root - INFO - Epoch 34; loss: 2.1606361865997314; CER: 0.13232183456420898; WER: 0.33674314618110657; val_loss: 1.6277039051055908; val_CER: 0.09556340426206589; val_WER: 0.2635289132595062
2023-06-26 18:43:53,347 - root - INFO - Epoch 35; loss: 2.1441285610198975; CER: 0.1307162046432495; WER: 0.33387476205825806; val_loss: 1.5559697151184082; val_CER: 0.0947200357913971; val_WER: 0.2563757002353668
2023-06-26 19:04:30,677 - root - INFO - Epoch 36; loss: 2.125094413757324; CER: 0.13050824403762817; WER: 0.3327803909778595; val_loss: 1.7417285442352295; val_CER: 0.10286906361579895; val_WER: 0.2748289406299591
2023-06-26 19:23:10,337 - root - INFO - Epoch 37; loss: 2.103503704071045; CER: 0.1289464384317398; WER: 0.3305916488170624; val_loss: 1.580568552017212; val_CER: 0.09434480965137482; val_WER: 0.25502797961235046
2023-06-26 19:47:45,760 - root - INFO - Epoch 38; loss: 2.0841989517211914; CER: 0.12840497493743896; WER: 0.3282301127910614; val_loss: 1.4950932264328003; val_CER: 0.0897766649723053; val_WER: 0.24870412051677704
2023-06-26 20:15:48,110 - root - INFO - Epoch 39; loss: 2.0606849193573; CER: 0.1270330548286438; WER: 0.32477420568466187; val_loss: 1.4573860168457031; val_CER: 0.08628927171230316; val_WER: 0.24092888832092285
2023-06-26 20:43:53,471 - root - INFO - Epoch 40; loss: 2.0451908111572266; CER: 0.12610779702663422; WER: 0.32397934794425964; val_loss: 1.51835298538208; val_CER: 0.09046568721532822; val_WER: 0.24849678575992584
2023-06-26 21:07:33,153 - root - INFO - Epoch 41; loss: 2.0232021808624268; CER: 0.12475618720054626; WER: 0.32147958874702454; val_loss: 1.4717389345169067; val_CER: 0.08933500200510025; val_WER: 0.24714908003807068
2023-06-26 21:27:31,788 - root - INFO - Epoch 42; loss: 2.0164740085601807; CER: 0.12352249771356583; WER: 0.3187033534049988; val_loss: 1.5713719129562378; val_CER: 0.09387204796075821; val_WER: 0.25492432713508606
2023-06-26 21:45:13,710 - root - INFO - Epoch 43; loss: 1.9986001253128052; CER: 0.12358004599809647; WER: 0.3182310461997986; val_loss: 1.4242278337478638; val_CER: 0.08630146831274033; val_WER: 0.24061787128448486
2023-06-26 22:03:09,715 - root - INFO - Epoch 44; loss: 1.9831655025482178; CER: 0.12260407954454422; WER: 0.3169753849506378; val_loss: 1.4348313808441162; val_CER: 0.0900755226612091; val_WER: 0.24424631893634796
2023-06-26 22:22:09,149 - root - INFO - Epoch 45; loss: 1.9667588472366333; CER: 0.12173693627119064; WER: 0.31518983840942383; val_loss: 2.2749176025390625; val_CER: 0.15491415560245514; val_WER: 0.34884926676750183
2023-06-26 22:45:34,040 - root - INFO - Epoch 46; loss: 1.958457589149475; CER: 0.12041602283716202; WER: 0.31288591027259827; val_loss: 1.4329389333724976; val_CER: 0.0858207643032074; val_WER: 0.23833712935447693
2023-06-26 23:16:32,642 - root - INFO - Epoch 47; loss: 1.9507170915603638; CER: 0.11987606436014175; WER: 0.312344491481781; val_loss: 1.4445301294326782; val_CER: 0.08678178489208221; val_WER: 0.24041053652763367
2023-06-27 17:12:29,169 - root - INFO - Epoch 48; loss: 1.9370746612548828; CER: 0.11920091509819031; WER: 0.31051287055015564; val_loss: 1.414693832397461; val_CER: 0.08583244681358337; val_WER: 0.2392701655626297
2023-06-27 17:37:20,574 - root - INFO - Epoch 49; loss: 1.9232468605041504; CER: 0.11887019127607346; WER: 0.30846235156059265; val_loss: 1.4134118556976318; val_CER: 0.08533728867769241; val_WER: 0.23470868170261383
2023-06-27 17:58:35,933 - root - INFO - Epoch 50; loss: 1.9075387716293335; CER: 0.11828334629535675; WER: 0.30737951397895813; val_loss: 1.3917933702468872; val_CER: 0.08457732945680618; val_WER: 0.23429401218891144
2023-06-27 18:20:33,034 - root - INFO - Epoch 51; loss: 1.896044135093689; CER: 0.11766570061445236; WER: 0.30620449781417847; val_loss: 1.3888788223266602; val_CER: 0.08302959054708481; val_WER: 0.23118391633033752
2023-06-27 18:42:08,107 - root - INFO - Epoch 52; loss: 1.881443738937378; CER: 0.11600134521722794; WER: 0.30459174513816833; val_loss: 1.4673972129821777; val_CER: 0.08808562904596329; val_WER: 0.24186190962791443
2023-06-27 19:02:36,740 - root - INFO - Epoch 53; loss: 1.8587429523468018; CER: 0.11625683307647705; WER: 0.3034282624721527; val_loss: 1.4487167596817017; val_CER: 0.08549226075410843; val_WER: 0.2395811676979065
2023-06-27 19:24:05,381 - root - INFO - Epoch 54; loss: 1.8508654832839966; CER: 0.11520525813102722; WER: 0.30151599645614624; val_loss: 1.506752610206604; val_CER: 0.08919639885425568; val_WER: 0.24372796714305878
2023-06-27 19:45:57,926 - root - INFO - Epoch 55; loss: 1.849076271057129; CER: 0.1145046055316925; WER: 0.3000645041465759; val_loss: 3.7595579624176025; val_CER: 0.23917236924171448; val_WER: 0.478125661611557
2023-06-27 20:07:02,136 - root - INFO - Epoch 56; loss: 1.8502259254455566; CER: 0.11484435945749283; WER: 0.2995346188545227; val_loss: 1.4042510986328125; val_CER: 0.08417193591594696; val_WER: 0.23501969873905182
2023-06-27 20:25:49,125 - root - INFO - Epoch 57; loss: 1.8250064849853516; CER: 0.11299675703048706; WER: 0.29694268107414246; val_loss: 1.4303297996520996; val_CER: 0.0851830542087555; val_WER: 0.23657473921775818
2023-06-27 20:44:32,610 - root - INFO - Epoch 58; loss: 1.814342737197876; CER: 0.11263758689165115; WER: 0.29747259616851807; val_loss: 1.4346387386322021; val_CER: 0.08634760230779648; val_WER: 0.2389591485261917
2023-06-27 21:15:12,014 - root - INFO - Epoch 59; loss: 1.8123916387557983; CER: 0.11202184855937958; WER: 0.29522624611854553; val_loss: 1.4651048183441162; val_CER: 0.08440852910280228; val_WER: 0.23740410804748535
2023-06-27 21:47:30,338 - root - INFO - Epoch 60; loss: 1.8038049936294556; CER: 0.11234413087368011; WER: 0.29546815156936646; val_loss: 1.370678186416626; val_CER: 0.08046814054250717; val_WER: 0.22651876509189606
2023-06-27 22:19:33,946 - root - INFO - Epoch 61; loss: 1.7885634899139404; CER: 0.11167651414871216; WER: 0.29375171661376953; val_loss: 1.3632103204727173; val_CER: 0.08079923689365387; val_WER: 0.22703711688518524
2023-06-27 22:41:38,365 - root - INFO - Epoch 62; loss: 1.7776095867156982; CER: 0.11066169291734695; WER: 0.29262280464172363; val_loss: 1.4431928396224976; val_CER: 0.08788951486349106; val_WER: 0.23730044066905975
2023-06-27 23:05:00,116 - root - INFO - Epoch 63; loss: 1.773337721824646; CER: 0.1099243238568306; WER: 0.28973135352134705; val_loss: 1.350740671157837; val_CER: 0.07959078997373581; val_WER: 0.22237196564674377
2023-06-28 16:56:36,441 - root - INFO - Epoch 64; loss: 1.7563573122024536; CER: 0.11002987623214722; WER: 0.2898004651069641; val_loss: 1.352293610572815; val_CER: 0.08047812432050705; val_WER: 0.22620774805545807
2023-06-28 17:25:49,488 - root - INFO - Epoch 65; loss: 1.7636455297470093; CER: 0.1104760393500328; WER: 0.2903994917869568; val_loss: 1.7229571342468262; val_CER: 0.11762775480747223; val_WER: 0.2820858359336853
2023-06-28 17:55:04,201 - root - INFO - Epoch 66; loss: 1.753905177116394; CER: 0.10970167070627213; WER: 0.2889364957809448; val_loss: 1.7447808980941772; val_CER: 0.10592690110206604; val_WER: 0.2715114951133728
2023-06-28 18:16:20,336 - root - INFO - Epoch 67; loss: 1.7471672296524048; CER: 0.10929961502552032; WER: 0.2887982726097107; val_loss: 1.378448247909546; val_CER: 0.08226478844881058; val_WER: 0.2249637097120285
2023-06-28 18:37:51,487 - root - INFO - Epoch 68; loss: 1.7318238019943237; CER: 0.10801143944263458; WER: 0.2869320809841156; val_loss: 1.3213609457015991; val_CER: 0.08336948603391647; val_WER: 0.22579307854175568
2023-06-28 18:59:20,860 - root - INFO - Epoch 69; loss: 1.7238723039627075; CER: 0.10789380967617035; WER: 0.28483548760414124; val_loss: 1.323506474494934; val_CER: 0.07870711386203766; val_WER: 0.21884718537330627
2023-06-28 19:20:33,940 - root - INFO - Epoch 70; loss: 1.7160038948059082; CER: 0.10760703682899475; WER: 0.28554973006248474; val_loss: 1.3097670078277588; val_CER: 0.07869388163089752; val_WER: 0.21988388895988464
2023-06-28 19:46:18,716 - root - INFO - Epoch 71; loss: 1.7115230560302734; CER: 0.1069568544626236; WER: 0.2834877073764801; val_loss: 1.3622139692306519; val_CER: 0.08151838928461075; val_WER: 0.22040224075317383
2023-06-28 20:14:59,680 - root - INFO - Epoch 72; loss: 1.686380386352539; CER: 0.10621734708547592; WER: 0.28233572840690613; val_loss: 1.3130544424057007; val_CER: 0.07837948948144913; val_WER: 0.21501140296459198
2023-06-28 20:41:52,650 - root - INFO - Epoch 73; loss: 1.7016477584838867; CER: 0.10639341920614243; WER: 0.2821744680404663; val_loss: 1.9186314344406128; val_CER: 0.11683370172977448; val_WER: 0.2890317142009735
2023-06-28 21:03:08,218 - root - INFO - Epoch 74; loss: 1.6863144636154175; CER: 0.10508296638727188; WER: 0.28058475255966187; val_loss: 1.3233428001403809; val_CER: 0.07956020534038544; val_WER: 0.2182251662015915
2023-06-28 21:23:44,202 - root - INFO - Epoch 75; loss: 1.6977450847625732; CER: 0.10706400871276855; WER: 0.28402912616729736; val_loss: 1.3411353826522827; val_CER: 0.07927712798118591; val_WER: 0.21988388895988464
2023-06-28 21:44:05,013 - root - INFO - Epoch 76; loss: 1.6718844175338745; CER: 0.1054784506559372; WER: 0.2813796103000641; val_loss: 1.32663893699646; val_CER: 0.07758545130491257; val_WER: 0.21978022158145905
2023-06-28 22:04:25,943 - root - INFO - Epoch 77; loss: 1.664722204208374; CER: 0.104230597615242; WER: 0.27821168303489685; val_loss: 1.6233270168304443; val_CER: 0.1022762879729271; val_WER: 0.26539498567581177
2023-06-28 22:24:44,266 - root - INFO - Epoch 78; loss: 1.6744825839996338; CER: 0.10515176504850388; WER: 0.2786494195461273; val_loss: 1.293245792388916; val_CER: 0.07720121741294861; val_WER: 0.21573708951473236
2023-06-28 22:45:59,494 - root - INFO - Epoch 79; loss: 1.6643931865692139; CER: 0.10446536540985107; WER: 0.27834993600845337; val_loss: 1.5957812070846558; val_CER: 0.09838277101516724; val_WER: 0.2607298493385315
2023-06-28 23:10:33,685 - root - INFO - Epoch 80; loss: 1.651902437210083; CER: 0.10406456142663956; WER: 0.2778315246105194; val_loss: 1.298946499824524; val_CER: 0.0799887478351593; val_WER: 0.21687746047973633
2023-06-28 23:38:41,979 - root - INFO - Epoch 81; loss: 1.6410408020019531; CER: 0.10304583609104156; WER: 0.27492856979370117; val_loss: 1.3263511657714844; val_CER: 0.08005319535732269; val_WER: 0.22060957551002502
2023-06-29 00:06:27,121 - root - INFO - Epoch 82; loss: 1.6465727090835571; CER: 0.10350768268108368; WER: 0.27712884545326233; val_loss: 1.3662047386169434; val_CER: 0.07821843028068542; val_WER: 0.2183288335800171
2023-06-29 00:34:23,630 - root - INFO - Epoch 83; loss: 1.6387189626693726; CER: 0.10294922441244125; WER: 0.2744101881980896; val_loss: 1.3039491176605225; val_CER: 0.07796984165906906; val_WER: 0.21646277606487274
2023-06-29 01:00:29,401 - root - INFO - Epoch 84; loss: 1.63627290725708; CER: 0.10325197875499725; WER: 0.27526265382766724; val_loss: 1.8527188301086426; val_CER: 0.12392952293157578; val_WER: 0.29431888461112976
2023-06-29 01:23:20,718 - root - INFO - Epoch 85; loss: 1.612270474433899; CER: 0.10189058631658554; WER: 0.27181828022003174; val_loss: 3.927116870880127; val_CER: 0.24147500097751617; val_WER: 0.48351648449897766
2023-06-29 01:47:40,864 - root - INFO - Epoch 86; loss: 1.6296223402023315; CER: 0.10226500779390335; WER: 0.2735116481781006; val_loss: 1.4047026634216309; val_CER: 0.08312278985977173; val_WER: 0.2286958396434784
2023-06-29 02:10:30,664 - root - INFO - Epoch 87; loss: 1.617292046546936; CER: 0.1027299165725708; WER: 0.2736153304576874; val_loss: 1.2501139640808105; val_CER: 0.07686778157949448; val_WER: 0.21304167807102203
2023-06-29 02:32:58,645 - root - INFO - Epoch 88; loss: 1.6081057786941528; CER: 0.10268045216798782; WER: 0.2721523344516754; val_loss: 1.6128555536270142; val_CER: 0.09139881283044815; val_WER: 0.24538668990135193
2023-06-29 02:55:08,997 - root - INFO - Epoch 89; loss: 1.5940390825271606; CER: 0.10108932852745056; WER: 0.27116164565086365; val_loss: 1.244889736175537; val_CER: 0.07453453540802002; val_WER: 0.20879121124744415
2023-06-29 03:17:22,931 - root - INFO - Epoch 90; loss: 1.5960975885391235; CER: 0.10130862891674042; WER: 0.2707814872264862; val_loss: 1.2790682315826416; val_CER: 0.0780617743730545; val_WER: 0.21501140296459198
2023-06-29 03:43:05,641 - root - INFO - Epoch 91; loss: 1.5836803913116455; CER: 0.09977559745311737; WER: 0.2684660255908966; val_loss: 1.265891432762146; val_CER: 0.07614791393280029; val_WER: 0.2106572687625885
2023-06-29 04:09:11,789 - root - INFO - Epoch 92; loss: 1.588517665863037; CER: 0.10090756416320801; WER: 0.26997512578964233; val_loss: 1.2416168451309204; val_CER: 0.07437770813703537; val_WER: 0.207132488489151
2023-06-29 04:32:48,349 - root - INFO - Epoch 93; loss: 1.5888643264770508; CER: 0.10085822641849518; WER: 0.2691456973552704; val_loss: 1.2225154638290405; val_CER: 0.07499581575393677; val_WER: 0.20630313456058502
2023-06-29 04:55:05,326 - root - INFO - Epoch 94; loss: 1.5747326612472534; CER: 0.09975414723157883; WER: 0.2674407958984375; val_loss: 1.2498841285705566; val_CER: 0.07585524022579193; val_WER: 0.20941323041915894
2023-06-29 05:17:16,382 - root - INFO - Epoch 95; loss: 1.5673482418060303; CER: 0.09924982488155365; WER: 0.26640403270721436; val_loss: 1.6303379535675049; val_CER: 0.11016465723514557; val_WER: 0.26601698994636536
2023-06-29 05:39:30,210 - root - INFO - Epoch 96; loss: 1.5721232891082764; CER: 0.09941575676202774; WER: 0.26669201254844666; val_loss: 1.291312336921692; val_CER: 0.07606732100248337; val_WER: 0.2109682708978653
2023-06-29 06:02:20,507 - root - INFO - Epoch 97; loss: 1.5583555698394775; CER: 0.09876382350921631; WER: 0.26616209745407104; val_loss: 1.616186499595642; val_CER: 0.10323574393987656; val_WER: 0.2577234208583832
2023-06-29 06:24:45,273 - root - INFO - Epoch 98; loss: 1.555046558380127; CER: 0.09828685969114304; WER: 0.2644686996936798; val_loss: 1.525498628616333; val_CER: 0.08771471679210663; val_WER: 0.23356832563877106
2023-06-29 06:47:19,761 - root - INFO - Epoch 99; loss: 1.5487781763076782; CER: 0.09798987954854965; WER: 0.26335129141807556; val_loss: 1.49443519115448; val_CER: 0.09779392927885056; val_WER: 0.24569769203662872
2023-06-29 07:09:24,639 - root - INFO - Epoch 100; loss: 1.5421277284622192; CER: 0.09743604809045792; WER: 0.2625449299812317; val_loss: 1.280841588973999; val_CER: 0.07619626075029373; val_WER: 0.20796184241771698
2023-06-29 07:31:20,057 - root - INFO - Epoch 101; loss: 1.536097526550293; CER: 0.0977461040019989; WER: 0.2629711627960205; val_loss: 2.933997631072998; val_CER: 0.17278090119361877; val_WER: 0.3883475065231323
2023-06-29 07:53:15,899 - root - INFO - Epoch 102; loss: 1.5301949977874756; CER: 0.09791213274002075; WER: 0.2632361054420471; val_loss: 1.2019085884094238; val_CER: 0.07257451862096786; val_WER: 0.20122329890727997
2023-06-29 08:15:31,576 - root - INFO - Epoch 103; loss: 1.53172767162323; CER: 0.09847696125507355; WER: 0.26487189531326294; val_loss: 1.3272857666015625; val_CER: 0.0780477225780487; val_WER: 0.2173958122730255
2023-06-29 08:37:29,011 - root - INFO - Epoch 104; loss: 1.5327578783035278; CER: 0.09844735264778137; WER: 0.26527509093284607; val_loss: 1.216044306755066; val_CER: 0.07357265800237656; val_WER: 0.20464441180229187
2023-06-29 08:59:41,451 - root - INFO - Epoch 105; loss: 1.530603289604187; CER: 0.09795638918876648; WER: 0.26198047399520874; val_loss: 1.2186977863311768; val_CER: 0.07386443763971329; val_WER: 0.2036077082157135
2023-06-29 09:21:47,005 - root - INFO - Epoch 106; loss: 1.5208662748336792; CER: 0.0971345603466034; WER: 0.26082849502563477; val_loss: 1.6075407266616821; val_CER: 0.10646366328001022; val_WER: 0.2610408365726471
2023-06-29 09:44:12,958 - root - INFO - Epoch 107; loss: 1.5154407024383545; CER: 0.09722615033388138; WER: 0.2607824206352234; val_loss: 1.2776962518692017; val_CER: 0.07919982820749283; val_WER: 0.21718847751617432
2023-06-29 10:06:42,546 - root - INFO - Epoch 108; loss: 1.5051906108856201; CER: 0.09583430737257004; WER: 0.2595267593860626; val_loss: 1.2085199356079102; val_CER: 0.07232796400785446; val_WER: 0.20298568904399872
2023-06-29 10:28:50,524 - root - INFO - Epoch 109; loss: 1.5115408897399902; CER: 0.09681965410709381; WER: 0.2614620625972748; val_loss: 1.3919037580490112; val_CER: 0.0836302787065506; val_WER: 0.2252747267484665
2023-06-29 10:50:43,197 - root - INFO - Epoch 110; loss: 1.5001065731048584; CER: 0.09621758759021759; WER: 0.2600221037864685; val_loss: 1.7421072721481323; val_CER: 0.10834959894418716; val_WER: 0.27006012201309204
2023-06-29 11:12:56,657 - root - INFO - Epoch 111; loss: 1.5051240921020508; CER: 0.09593115746974945; WER: 0.2583863139152527; val_loss: 1.1923937797546387; val_CER: 0.07140304893255234; val_WER: 0.19832055270671844
2023-06-29 11:37:04,202 - root - INFO - Epoch 112; loss: 1.4987945556640625; CER: 0.09577681869268417; WER: 0.2587319016456604; val_loss: 1.211905837059021; val_CER: 0.07125130295753479; val_WER: 0.19852788746356964
2023-06-29 12:01:00,645 - root - INFO - Epoch 113; loss: 1.4899265766143799; CER: 0.09617991745471954; WER: 0.25806376338005066; val_loss: 1.2154645919799805; val_CER: 0.0743502825498581; val_WER: 0.20557744801044464
2023-06-29 12:23:12,679 - root - INFO - Epoch 114; loss: 1.485039472579956; CER: 0.09563153982162476; WER: 0.257464736700058; val_loss: 1.2886015176773071; val_CER: 0.07756403088569641; val_WER: 0.20972423255443573
2023-06-29 12:45:35,356 - root - INFO - Epoch 115; loss: 1.4887378215789795; CER: 0.09493058919906616; WER: 0.2553336024284363; val_loss: 1.2304478883743286; val_CER: 0.07428596168756485; val_WER: 0.2036077082157135
2023-06-29 13:07:59,378 - root - INFO - Epoch 116; loss: 1.4770034551620483; CER: 0.09404081851243973; WER: 0.25603631138801575; val_loss: 1.2166868448257446; val_CER: 0.07553968578577042; val_WER: 0.20599211752414703
2023-06-29 13:30:18,256 - root - INFO - Epoch 117; loss: 1.480712890625; CER: 0.09509646147489548; WER: 0.2563127875328064; val_loss: 1.1914399862289429; val_CER: 0.07217972725629807; val_WER: 0.19842422008514404
2023-06-29 13:54:19,917 - root - INFO - Epoch 118; loss: 1.4753161668777466; CER: 0.09485277533531189; WER: 0.2556331157684326; val_loss: 1.266877293586731; val_CER: 0.07493796944618225; val_WER: 0.20485174655914307
2023-06-29 14:25:42,585 - root - INFO - Epoch 119; loss: 1.466048002243042; CER: 0.09461797773838043; WER: 0.25572526454925537; val_loss: 1.2244951725006104; val_CER: 0.07366958260536194; val_WER: 0.20205266773700714
2023-06-29 14:54:16,397 - root - INFO - Epoch 120; loss: 1.4635159969329834; CER: 0.0936739444732666; WER: 0.25398582220077515; val_loss: 1.2776511907577515; val_CER: 0.07487282156944275; val_WER: 0.207443505525589
2023-06-29 15:22:24,204 - root - INFO - Epoch 121; loss: 1.4570754766464233; CER: 0.09366749972105026; WER: 0.25461938977241516; val_loss: 1.2619863748550415; val_CER: 0.0735316276550293; val_WER: 0.20526643097400665
2023-06-29 15:50:55,098 - root - INFO - Epoch 122; loss: 1.459036946296692; CER: 0.09370432049036026; WER: 0.25162428617477417; val_loss: 1.1953833103179932; val_CER: 0.07202072441577911; val_WER: 0.19811320304870605
2023-06-29 16:14:06,093 - root - INFO - Epoch 123; loss: 1.4356038570404053; CER: 0.09267837554216385; WER: 0.25175097584724426; val_loss: 1.2492352724075317; val_CER: 0.07247016578912735; val_WER: 0.20288202166557312
2023-06-29 16:35:46,771 - root - INFO - Epoch 124; loss: 1.4117817878723145; CER: 0.09104521572589874; WER: 0.24857155978679657; val_loss: 1.2063277959823608; val_CER: 0.06940081715583801; val_WER: 0.19469210505485535
2023-06-29 16:57:20,314 - root - INFO - Epoch 125; loss: 1.4181349277496338; CER: 0.091056227684021; WER: 0.24722376465797424; val_loss: 1.307551383972168; val_CER: 0.07866962254047394; val_WER: 0.21604810655117035
2023-06-29 17:19:03,403 - root - INFO - Epoch 126; loss: 1.4101670980453491; CER: 0.09154239296913147; WER: 0.24900931119918823; val_loss: 1.212536334991455; val_CER: 0.07252353429794312; val_WER: 0.19842422008514404
2023-06-29 17:40:39,179 - root - INFO - Epoch 127; loss: 1.4107558727264404; CER: 0.09077997505664825; WER: 0.24722376465797424; val_loss: 1.1727190017700195; val_CER: 0.07015926390886307; val_WER: 0.1962471455335617
2023-06-29 18:02:03,017 - root - INFO - Epoch 128; loss: 1.3903921842575073; CER: 0.08959744870662689; WER: 0.24361810088157654; val_loss: 1.1644617319107056; val_CER: 0.06894167512655258; val_WER: 0.19095999002456665
2023-06-29 18:23:25,423 - root - INFO - Epoch 129; loss: 1.389395833015442; CER: 0.08925812691450119; WER: 0.2450004667043686; val_loss: 1.1838843822479248; val_CER: 0.0703287273645401; val_WER: 0.1929297149181366
2023-06-29 18:44:43,241 - root - INFO - Epoch 130; loss: 1.4012116193771362; CER: 0.08985079824924469; WER: 0.2458413988351822; val_loss: 1.2393975257873535; val_CER: 0.07570596784353256; val_WER: 0.20588845014572144
2023-06-29 19:05:59,856 - root - INFO - Epoch 131; loss: 1.3932578563690186; CER: 0.08920404314994812; WER: 0.24425168335437775; val_loss: 1.213210105895996; val_CER: 0.07153201848268509; val_WER: 0.19738751649856567
2023-06-29 19:27:14,098 - root - INFO - Epoch 132; loss: 1.3885397911071777; CER: 0.08930601179599762; WER: 0.2430536299943924; val_loss: 1.1897934675216675; val_CER: 0.07116726785898209; val_WER: 0.19935724139213562
2023-06-29 19:51:06,490 - root - INFO - Epoch 133; loss: 1.3880938291549683; CER: 0.09037327766418457; WER: 0.2464749813079834; val_loss: 1.3312712907791138; val_CER: 0.07768663018941879; val_WER: 0.21356002986431122
2023-06-29 20:17:10,687 - root - INFO - Epoch 134; loss: 1.3739310503005981; CER: 0.08916083723306656; WER: 0.24465486407279968; val_loss: 1.164430022239685; val_CER: 0.06912848353385925; val_WER: 0.18992328643798828
2023-06-29 20:44:58,963 - root - INFO - Epoch 135; loss: 1.387404441833496; CER: 0.08992770314216614; WER: 0.24457423388957977; val_loss: 1.156925916671753; val_CER: 0.06883089244365692; val_WER: 0.19427742063999176
2023-06-29 21:10:08,984 - root - INFO - Epoch 136; loss: 1.3779187202453613; CER: 0.0886620506644249; WER: 0.24297299981117249; val_loss: 1.1606553792953491; val_CER: 0.07297168672084808; val_WER: 0.1965581625699997
2023-06-29 21:36:57,032 - root - INFO - Epoch 137; loss: 1.36931312084198; CER: 0.08721684664487839; WER: 0.23988571763038635; val_loss: 1.2181529998779297; val_CER: 0.07395806163549423; val_WER: 0.20184531807899475
2023-06-29 22:02:25,508 - root - INFO - Epoch 138; loss: 1.3731186389923096; CER: 0.08789948374032974; WER: 0.24124504625797272; val_loss: 1.1948795318603516; val_CER: 0.0716363862156868; val_WER: 0.1964544951915741
2023-06-29 22:24:36,220 - root - INFO - Epoch 139; loss: 1.3662075996398926; CER: 0.08797609061002731; WER: 0.24032346904277802; val_loss: 1.2546052932739258; val_CER: 0.07486265897750854; val_WER: 0.20194900035858154
2023-06-29 22:46:33,764 - root - INFO - Epoch 140; loss: 1.3621889352798462; CER: 0.08762422204017639; WER: 0.238791361451149; val_loss: 1.1845861673355103; val_CER: 0.0700513944029808; val_WER: 0.19344806671142578
2023-06-29 23:12:32,950 - root - INFO - Epoch 141; loss: 1.3709716796875; CER: 0.08925097435712814; WER: 0.24207445979118347; val_loss: 1.14275324344635; val_CER: 0.06875263154506683; val_WER: 0.18992328643798828
2023-06-29 23:41:07,693 - root - INFO - Epoch 142; loss: 1.3650894165039062; CER: 0.08849043399095535; WER: 0.24038107693195343; val_loss: 1.1852025985717773; val_CER: 0.0727703869342804; val_WER: 0.19821687042713165
2023-06-30 00:03:51,151 - root - INFO - Epoch 143; loss: 1.3593508005142212; CER: 0.08789024502038956; WER: 0.23966684937477112; val_loss: 1.1585137844085693; val_CER: 0.06863604485988617; val_WER: 0.19375906884670258
2023-06-30 00:24:20,932 - root - INFO - Epoch 144; loss: 1.35170578956604; CER: 0.08743713051080704; WER: 0.2399778813123703; val_loss: 1.1233420372009277; val_CER: 0.06971704214811325; val_WER: 0.19230769574642181
2023-06-30 00:46:27,961 - root - INFO - Epoch 145; loss: 1.3438926935195923; CER: 0.087327741086483; WER: 0.2394018918275833; val_loss: 1.953610897064209; val_CER: 0.11397214978933334; val_WER: 0.2789757549762726
2023-06-30 01:09:26,950 - root - INFO - Epoch 146; loss: 1.3498495817184448; CER: 0.0878707617521286; WER: 0.23902174830436707; val_loss: 1.1916561126708984; val_CER: 0.07158364355564117; val_WER: 0.1930333822965622
2023-06-30 01:32:12,330 - root - INFO - Epoch 147; loss: 1.3428667783737183; CER: 0.08765536546707153; WER: 0.23918302357196808; val_loss: 1.1997159719467163; val_CER: 0.07226188480854034; val_WER: 0.19365540146827698
2023-06-30 01:55:08,926 - root - INFO - Epoch 148; loss: 1.3502418994903564; CER: 0.08775927126407623; WER: 0.2396898865699768; val_loss: 1.171664834022522; val_CER: 0.06922484189271927; val_WER: 0.19054530560970306
2023-06-30 02:19:27,081 - root - INFO - Epoch 149; loss: 1.3508318662643433; CER: 0.08736914396286011; WER: 0.2386646419763565; val_loss: 1.1580806970596313; val_CER: 0.07061394304037094; val_WER: 0.19344806671142578
2023-06-30 02:43:03,690 - root - INFO - Epoch 150; loss: 1.3386352062225342; CER: 0.08684121072292328; WER: 0.23898719251155853; val_loss: 1.5009710788726807; val_CER: 0.08774936944246292; val_WER: 0.23056189715862274
2023-06-30 03:07:01,337 - root - INFO - Epoch 151; loss: 1.349515438079834; CER: 0.08801838010549545; WER: 0.24102617800235748; val_loss: 1.1449006795883179; val_CER: 0.06924176216125488; val_WER: 0.19137465953826904
2023-06-30 03:30:32,812 - root - INFO - Epoch 152; loss: 1.3397413492202759; CER: 0.08673851937055588; WER: 0.23728227615356445; val_loss: 1.1773109436035156; val_CER: 0.06998647004365921; val_WER: 0.19127099215984344
2023-06-30 03:54:09,573 - root - INFO - Epoch 153; loss: 1.3410897254943848; CER: 0.08739355206489563; WER: 0.23859551548957825; val_loss: 1.1634124517440796; val_CER: 0.07073355466127396; val_WER: 0.19158200919628143
2023-06-30 04:17:41,420 - root - INFO - Epoch 154; loss: 1.3044562339782715; CER: 0.0842856839299202; WER: 0.23507049679756165; val_loss: 1.1128594875335693; val_CER: 0.06769993901252747; val_WER: 0.1889902502298355
2023-06-30 04:41:24,593 - root - INFO - Epoch 155; loss: 1.3158800601959229; CER: 0.08577524870634079; WER: 0.23556584119796753; val_loss: 1.1501595973968506; val_CER: 0.06994444876909256; val_WER: 0.19044163823127747
2023-06-30 05:04:47,818 - root - INFO - Epoch 156; loss: 1.3027423620224; CER: 0.08509871363639832; WER: 0.23298543691635132; val_loss: 1.17251718044281; val_CER: 0.0697893276810646; val_WER: 0.19417375326156616
2023-06-30 05:28:07,097 - root - INFO - Epoch 157; loss: 1.293028473854065; CER: 0.08429532498121262; WER: 0.23223665356636047; val_loss: 1.2599208354949951; val_CER: 0.07455239444971085; val_WER: 0.2039187252521515
2023-06-30 05:51:34,497 - root - INFO - Epoch 158; loss: 1.2877732515335083; CER: 0.08422709256410599; WER: 0.2319832295179367; val_loss: 1.1380503177642822; val_CER: 0.06844135373830795; val_WER: 0.1893012672662735
2023-06-30 06:15:47,244 - root - INFO - Epoch 159; loss: 1.2882509231567383; CER: 0.08456656336784363; WER: 0.23199474811553955; val_loss: 1.1511814594268799; val_CER: 0.06976760923862457; val_WER: 0.19220402836799622
2023-06-30 06:39:22,090 - root - INFO - Epoch 160; loss: 1.2812706232070923; CER: 0.0840044915676117; WER: 0.23056630790233612; val_loss: 1.1407004594802856; val_CER: 0.06830600649118423; val_WER: 0.18971595168113708
2023-06-30 07:07:35,792 - root - INFO - Epoch 161; loss: 1.2806179523468018; CER: 0.08380892127752304; WER: 0.23052023351192474; val_loss: 1.152323842048645; val_CER: 0.07095365971326828; val_WER: 0.19500310719013214
2023-06-30 07:35:21,585 - root - INFO - Epoch 162; loss: 1.2722519636154175; CER: 0.08371374011039734; WER: 0.23096948862075806; val_loss: 1.2580654621124268; val_CER: 0.0771985873579979; val_WER: 0.207132488489151
2023-06-30 09:26:13,148 - root - INFO - Epoch 163; loss: 1.2824559211730957; CER: 0.084111288189888; WER: 0.23130357265472412; val_loss: 1.1114908456802368; val_CER: 0.06816410273313522; val_WER: 0.18764254450798035
2023-06-30 09:52:52,067 - root - INFO - Epoch 164; loss: 1.2672768831253052; CER: 0.08295243978500366; WER: 0.2289305180311203; val_loss: 1.1574528217315674; val_CER: 0.06753045320510864; val_WER: 0.19044163823127747
2023-06-30 10:29:58,438 - root - INFO - Epoch 165; loss: 1.276920199394226; CER: 0.08413953334093094; WER: 0.23214450478553772; val_loss: 1.1300309896469116; val_CER: 0.06614633649587631; val_WER: 0.18505080044269562
2023-06-30 10:48:51,468 - root - INFO - Epoch 166; loss: 1.273619532585144; CER: 0.08324974030256271; WER: 0.22962169349193573; val_loss: 1.546132206916809; val_CER: 0.09442833811044693; val_WER: 0.24372796714305878
2023-06-30 11:07:09,717 - root - INFO - Epoch 167; loss: 1.2641417980194092; CER: 0.08308179676532745; WER: 0.2279859036207199; val_loss: 1.1763415336608887; val_CER: 0.07114799320697784; val_WER: 0.193344384431839
2023-06-30 11:26:37,951 - root - INFO - Epoch 168; loss: 1.262316346168518; CER: 0.08292759954929352; WER: 0.22858493030071259; val_loss: 1.1828362941741943; val_CER: 0.0705653503537178; val_WER: 0.19396640360355377
2023-06-30 11:44:38,969 - root - INFO - Epoch 169; loss: 1.2718161344528198; CER: 0.08332700282335281; WER: 0.23085430264472961; val_loss: 1.1667989492416382; val_CER: 0.06871666014194489; val_WER: 0.19189301133155823
2023-06-30 12:04:38,125 - root - INFO - Epoch 170; loss: 1.2609227895736694; CER: 0.08308985084295273; WER: 0.22933369874954224; val_loss: 1.1507853269577026; val_CER: 0.06935585290193558; val_WER: 0.19178934395313263
2023-06-30 12:40:55,996 - root - INFO - Epoch 171; loss: 1.265237808227539; CER: 0.08274058997631073; WER: 0.22844669222831726; val_loss: 1.380258560180664; val_CER: 0.07965037971735; val_WER: 0.21190130710601807
2023-06-30 13:12:03,282 - root - INFO - Epoch 172; loss: 1.2551463842391968; CER: 0.08225148916244507; WER: 0.22804349660873413; val_loss: 1.1162596940994263; val_CER: 0.06683671474456787; val_WER: 0.1854654848575592
2023-06-30 15:23:16,843 - root - INFO - Epoch 173; loss: 1.258226990699768; CER: 0.08212368190288544; WER: 0.22637315094470978; val_loss: 1.1420702934265137; val_CER: 0.06800945103168488; val_WER: 0.18722786009311676
2023-06-30 15:43:46,943 - root - INFO - Epoch 174; loss: 1.2547098398208618; CER: 0.08231006562709808; WER: 0.22815869748592377; val_loss: 1.1885827779769897; val_CER: 0.07162700593471527; val_WER: 0.19427742063999176
2023-06-30 16:59:09,303 - root - INFO - Epoch 175; loss: 1.2476905584335327; CER: 0.08170823007822037; WER: 0.22519813477993011; val_loss: 1.1159743070602417; val_CER: 0.06676802784204483; val_WER: 0.18442878127098083
2023-06-30 17:27:13,508 - root - INFO - Epoch 176; loss: 1.2324590682983398; CER: 0.08099739253520966; WER: 0.22320523858070374; val_loss: 1.1407066583633423; val_CER: 0.06768622994422913; val_WER: 0.1859838217496872
2023-06-30 17:52:48,655 - root - INFO - Epoch 177; loss: 1.220247745513916; CER: 0.08018358051776886; WER: 0.22247949242591858; val_loss: 1.170535922050476; val_CER: 0.07086154073476791; val_WER: 0.19489943981170654
2023-06-30 18:14:22,913 - root - INFO - Epoch 178; loss: 1.2234280109405518; CER: 0.0808623656630516; WER: 0.22330890595912933; val_loss: 1.0983504056930542; val_CER: 0.06553962826728821; val_WER: 0.18463611602783203
2023-06-30 18:39:20,541 - root - INFO - Epoch 179; loss: 1.2214678525924683; CER: 0.08000458776950836; WER: 0.2228250801563263; val_loss: 1.1882842779159546; val_CER: 0.06800896674394608; val_WER: 0.18784987926483154
2023-06-30 19:02:41,599 - root - INFO - Epoch 180; loss: 1.205161690711975; CER: 0.0792161300778389; WER: 0.22189198434352875; val_loss: 1.1659321784973145; val_CER: 0.07103557884693146; val_WER: 0.1926186978816986
2023-06-30 19:25:53,273 - root - INFO - Epoch 181; loss: 1.2169458866119385; CER: 0.07996682822704315; WER: 0.22189198434352875; val_loss: 1.0778720378875732; val_CER: 0.06592290103435516; val_WER: 0.18111133575439453
2023-06-30 19:49:33,704 - root - INFO - Epoch 182; loss: 1.2214914560317993; CER: 0.07994744181632996; WER: 0.22276748716831207; val_loss: 1.0917636156082153; val_CER: 0.06545646488666534; val_WER: 0.1821480393409729
2023-06-30 20:12:37,815 - root - INFO - Epoch 183; loss: 1.207578182220459; CER: 0.07873190939426422; WER: 0.2199566811323166; val_loss: 1.2773507833480835; val_CER: 0.07728973776102066; val_WER: 0.2069251537322998
2023-06-30 20:35:52,143 - root - INFO - Epoch 184; loss: 1.204789161682129; CER: 0.07944779098033905; WER: 0.22146576642990112; val_loss: 1.1148653030395508; val_CER: 0.06500942260026932; val_WER: 0.1822517067193985
2023-06-30 20:58:34,429 - root - INFO - Epoch 185; loss: 1.2123658657073975; CER: 0.08040732145309448; WER: 0.22237582504749298; val_loss: 1.1883453130722046; val_CER: 0.0711829662322998; val_WER: 0.1930333822965622
2023-06-30 21:26:57,090 - root - INFO - Epoch 186; loss: 1.212346076965332; CER: 0.07967960834503174; WER: 0.2206939458847046; val_loss: 1.0833358764648438; val_CER: 0.06527741253376007; val_WER: 0.18131868541240692
2023-06-30 21:55:23,361 - root - INFO - Epoch 187; loss: 1.201088309288025; CER: 0.07951956987380981; WER: 0.22107408940792084; val_loss: 1.1204081773757935; val_CER: 0.0658973678946495; val_WER: 0.1789342761039734
2023-06-30 22:24:18,134 - root - INFO - Epoch 188; loss: 1.2104990482330322; CER: 0.07992003858089447; WER: 0.22191503643989563; val_loss: 1.1165249347686768; val_CER: 0.06513360142707825; val_WER: 0.1824590563774109
2023-06-30 22:51:12,814 - root - INFO - Epoch 189; loss: 1.2020978927612305; CER: 0.07858733832836151; WER: 0.21926550567150116; val_loss: 1.0835108757019043; val_CER: 0.0649079978466034; val_WER: 0.1818370372056961
2023-07-01 00:57:25,791 - root - INFO - Epoch 190; loss: 1.2019423246383667; CER: 0.07886750996112823; WER: 0.21797530353069305; val_loss: 1.1115670204162598; val_CER: 0.06639295071363449; val_WER: 0.1855691522359848
2023-07-01 01:17:37,671 - root - INFO - Epoch 191; loss: 1.1957141160964966; CER: 0.07880505174398422; WER: 0.21903511881828308; val_loss: 1.1055948734283447; val_CER: 0.06646262109279633; val_WER: 0.18391042947769165
2023-07-01 01:38:01,728 - root - INFO - Epoch 192; loss: 1.2010539770126343; CER: 0.07886811345815659; WER: 0.21978388726711273; val_loss: 1.1644067764282227; val_CER: 0.06786967813968658; val_WER: 0.18484346568584442
2023-07-01 01:58:59,038 - root - INFO - Epoch 193; loss: 1.1932201385498047; CER: 0.07851210981607437; WER: 0.21858584880828857; val_loss: 1.4846084117889404; val_CER: 0.08594077080488205; val_WER: 0.22620774805545807
2023-07-01 02:22:54,399 - root - INFO - Epoch 194; loss: 1.1937838792800903; CER: 0.07903920114040375; WER: 0.22207631170749664; val_loss: 1.1136494874954224; val_CER: 0.06648179888725281; val_WER: 0.18432511389255524
2023-07-01 02:45:25,659 - root - INFO - Epoch 195; loss: 1.2001423835754395; CER: 0.07968777418136597; WER: 0.22076305747032166; val_loss: 1.1086065769195557; val_CER: 0.06800970435142517; val_WER: 0.18619117140769958
2023-07-01 03:08:01,132 - root - INFO - Epoch 196; loss: 1.1971979141235352; CER: 0.07836873084306717; WER: 0.2189314365386963; val_loss: 1.1046829223632812; val_CER: 0.067130446434021; val_WER: 0.18277005851268768
2023-07-01 03:30:14,592 - root - INFO - Epoch 197; loss: 1.1906518936157227; CER: 0.07837013900279999; WER: 0.2187471240758896; val_loss: 1.0762951374053955; val_CER: 0.06541245430707932; val_WER: 0.18090400099754333
2023-07-01 03:52:51,584 - root - INFO - Epoch 198; loss: 1.1829776763916016; CER: 0.07874777913093567; WER: 0.2193000614643097; val_loss: 1.100440263748169; val_CER: 0.06644143909215927; val_WER: 0.1823553740978241
2023-07-01 04:15:23,371 - root - INFO - Epoch 199; loss: 1.1836614608764648; CER: 0.07834785431623459; WER: 0.21766427159309387; val_loss: 1.1272133588790894; val_CER: 0.06631150096654892; val_WER: 0.18391042947769165
2023-07-01 04:38:04,609 - root - INFO - Epoch 200; loss: 1.1645151376724243; CER: 0.07699444890022278; WER: 0.2137015014886856; val_loss: 1.0730758905410767; val_CER: 0.06465388089418411; val_WER: 0.17748288810253143
2023-07-01 05:00:55,804 - root - INFO - Epoch 201; loss: 1.1571706533432007; CER: 0.07590175420045853; WER: 0.21374757587909698; val_loss: 1.0799261331558228; val_CER: 0.06323530524969101; val_WER: 0.17717188596725464
2023-07-01 05:29:24,305 - root - INFO - Epoch 202; loss: 1.1629291772842407; CER: 0.07693643122911453; WER: 0.21356326341629028; val_loss: 1.0953197479248047; val_CER: 0.06457578390836716; val_WER: 0.17810490727424622
2023-07-01 05:57:52,412 - root - INFO - Epoch 203; loss: 1.152396321296692; CER: 0.07622071355581284; WER: 0.21418532729148865; val_loss: 1.0795254707336426; val_CER: 0.06518331170082092; val_WER: 0.1789342761039734
2023-07-01 06:26:06,602 - root - INFO - Epoch 204; loss: 1.1432033777236938; CER: 0.07600295543670654; WER: 0.21238826215267181; val_loss: 1.1179630756378174; val_CER: 0.06638319790363312; val_WER: 0.18090400099754333
2023-07-01 06:53:53,997 - root - INFO - Epoch 205; loss: 1.1517034769058228; CER: 0.0765542984008789; WER: 0.21359781920909882; val_loss: 1.0936830043792725; val_CER: 0.0655810534954071; val_WER: 0.179037943482399
2023-07-01 12:24:30,727 - root - INFO - Epoch 206; loss: 1.1479222774505615; CER: 0.0757160410284996; WER: 0.21173164248466492; val_loss: 1.221848964691162; val_CER: 0.07102172076702118; val_WER: 0.19344806671142578
2023-07-01 12:47:26,515 - root - INFO - Epoch 207; loss: 1.1495444774627686; CER: 0.07651468366384506; WER: 0.21316008269786835; val_loss: 1.0914586782455444; val_CER: 0.06489536166191101; val_WER: 0.18038564920425415
2023-07-01 13:11:12,434 - root - INFO - Epoch 208; loss: 1.1444858312606812; CER: 0.07573555409908295; WER: 0.21152427792549133; val_loss: 1.1032546758651733; val_CER: 0.06500337272882462; val_WER: 0.1785195916891098
2023-07-01 13:35:49,918 - root - INFO - Epoch 209; loss: 1.1490974426269531; CER: 0.07618877291679382; WER: 0.2138051837682724; val_loss: 1.0635343790054321; val_CER: 0.06356571614742279; val_WER: 0.17613518238067627
2023-07-01 14:00:17,739 - root - INFO - Epoch 210; loss: 1.141133189201355; CER: 0.0768207386136055; WER: 0.2141968458890915; val_loss: 1.1031973361968994; val_CER: 0.0656004250049591; val_WER: 0.18111133575439453
2023-07-01 14:30:06,226 - root - INFO - Epoch 211; loss: 1.137953519821167; CER: 0.07574792951345444; WER: 0.21107502281665802; val_loss: 1.0924041271209717; val_CER: 0.06499408930540085; val_WER: 0.178726926445961
2023-07-01 14:59:02,805 - root - INFO - Epoch 212; loss: 1.1336199045181274; CER: 0.07472840696573257; WER: 0.21018800139427185; val_loss: 1.0871262550354004; val_CER: 0.0647830218076706; val_WER: 0.1783122569322586
2023-07-01 15:27:56,425 - root - INFO - Epoch 213; loss: 1.117314100265503; CER: 0.07394737750291824; WER: 0.20726200938224792; val_loss: 1.0865223407745361; val_CER: 0.0641385093331337; val_WER: 0.17914161086082458
2023-07-01 15:50:04,468 - root - INFO - Epoch 214; loss: 1.1131799221038818; CER: 0.07500327378511429; WER: 0.20866739749908447; val_loss: 1.0912997722625732; val_CER: 0.06529411673545837; val_WER: 0.17924527823925018
2023-07-01 16:09:21,487 - root - INFO - Epoch 215; loss: 1.1086004972457886; CER: 0.07365258783102036; WER: 0.2063865065574646; val_loss: 1.0788416862487793; val_CER: 0.06477240473031998; val_WER: 0.17934894561767578
2023-07-01 16:28:51,896 - root - INFO - Epoch 216; loss: 1.1162766218185425; CER: 0.07447997480630875; WER: 0.20729656517505646; val_loss: 1.087265968322754; val_CER: 0.0625152662396431; val_WER: 0.17686086893081665
2023-07-01 16:49:56,017 - root - INFO - Epoch 217; loss: 1.1162714958190918; CER: 0.07436953485012054; WER: 0.20963506400585175; val_loss: 1.085566520690918; val_CER: 0.06497588008642197; val_WER: 0.17789757251739502
2023-07-01 17:12:33,389 - root - INFO - Epoch 218; loss: 1.115254282951355; CER: 0.07400943338871002; WER: 0.20721592009067535; val_loss: 1.0900020599365234; val_CER: 0.06517893821001053; val_WER: 0.17789757251739502
2023-07-01 17:40:59,990 - root - INFO - Epoch 219; loss: 1.110877513885498; CER: 0.07334408164024353; WER: 0.2071237713098526; val_loss: 1.0803499221801758; val_CER: 0.06489899754524231; val_WER: 0.18059299886226654
2023-07-01 18:10:57,581 - root - INFO - Epoch 220; loss: 1.0988192558288574; CER: 0.07364313304424286; WER: 0.2062021940946579; val_loss: 1.0699065923690796; val_CER: 0.06368059664964676; val_WER: 0.17603151500225067
2023-07-01 18:38:06,544 - root - INFO - Epoch 221; loss: 1.1137465238571167; CER: 0.07409593462944031; WER: 0.20842549204826355; val_loss: 1.0814439058303833; val_CER: 0.06456220149993896; val_WER: 0.17717188596725464
2023-07-01 19:00:47,057 - root - INFO - Epoch 222; loss: 1.109943151473999; CER: 0.07341563701629639; WER: 0.20752695202827454; val_loss: 1.0957626104354858; val_CER: 0.0638480857014656; val_WER: 0.17800123989582062
2023-07-01 19:22:36,358 - root - INFO - Epoch 223; loss: 1.1072626113891602; CER: 0.07401039451360703; WER: 0.2070200890302658; val_loss: 1.0911986827850342; val_CER: 0.06566058099269867; val_WER: 0.17965996265411377
2023-07-01 19:45:40,283 - root - INFO - Epoch 224; loss: 1.107826828956604; CER: 0.07368812710046768; WER: 0.20744632184505463; val_loss: 1.1030023097991943; val_CER: 0.06552793085575104; val_WER: 0.18007464706897736
2023-07-01 20:07:12,193 - root - INFO - Epoch 225; loss: 1.1041356325149536; CER: 0.07379816472530365; WER: 0.20731960237026215; val_loss: 1.0737746953964233; val_CER: 0.06352865695953369; val_WER: 0.17696455121040344
2023-07-01 20:28:32,589 - root - INFO - Epoch 226; loss: 1.1020317077636719; CER: 0.07358178496360779; WER: 0.2061791568994522; val_loss: 1.0631529092788696; val_CER: 0.06301765888929367; val_WER: 0.17613518238067627
2023-07-01 21:01:19,015 - root - INFO - Epoch 227; loss: 1.0818339586257935; CER: 0.07302556186914444; WER: 0.20405952632427216; val_loss: 1.07797372341156; val_CER: 0.0639556273818016; val_WER: 0.17592784762382507
2023-07-01 21:21:38,861 - root - INFO - Epoch 228; loss: 1.080033540725708; CER: 0.07190858572721481; WER: 0.20258501172065735; val_loss: 1.1099797487258911; val_CER: 0.06354629248380661; val_WER: 0.17416545748710632
2023-07-01 21:41:56,816 - root - INFO - Epoch 229; loss: 1.0730117559432983; CER: 0.0718754380941391; WER: 0.20308035612106323; val_loss: 1.1082345247268677; val_CER: 0.06580301374197006; val_WER: 0.1825627237558365
2023-07-01 22:01:35,980 - root - INFO - Epoch 230; loss: 1.0754926204681396; CER: 0.07234864681959152; WER: 0.20450879633426666; val_loss: 1.0829460620880127; val_CER: 0.06397632509469986; val_WER: 0.17395812273025513
2023-07-01 22:23:20,437 - root - INFO - Epoch 231; loss: 1.0791237354278564; CER: 0.07192396372556686; WER: 0.20243525505065918; val_loss: 1.0745660066604614; val_CER: 0.06268630176782608; val_WER: 0.1718847155570984
2023-07-01 22:43:09,596 - root - INFO - Epoch 232; loss: 1.0739942789077759; CER: 0.07225856184959412; WER: 0.20237766206264496; val_loss: 1.0440517663955688; val_CER: 0.06150450557470322; val_WER: 0.1675305813550949
2023-07-01 23:07:56,664 - root - INFO - Epoch 233; loss: 1.0700631141662598; CER: 0.07197040319442749; WER: 0.20339138805866241; val_loss: 1.058695673942566; val_CER: 0.06239854544401169; val_WER: 0.17292141914367676
2023-07-01 23:36:59,957 - root - INFO - Epoch 234; loss: 1.0766263008117676; CER: 0.07261860370635986; WER: 0.20405952632427216; val_loss: 1.0936073064804077; val_CER: 0.06339100748300552; val_WER: 0.1754094958305359
2023-07-02 00:03:30,033 - root - INFO - Epoch 235; loss: 1.0688607692718506; CER: 0.07230895757675171; WER: 0.20389825105667114; val_loss: 1.2759993076324463; val_CER: 0.07438185811042786; val_WER: 0.19935724139213562
2023-07-02 00:24:43,711 - root - INFO - Epoch 236; loss: 1.0696202516555786; CER: 0.07138018310070038; WER: 0.20135240256786346; val_loss: 1.0698703527450562; val_CER: 0.06301706284284592; val_WER: 0.17250673472881317
2023-07-02 00:45:04,728 - root - INFO - Epoch 237; loss: 1.0708622932434082; CER: 0.0715584009885788; WER: 0.20164039731025696; val_loss: 1.0989938974380493; val_CER: 0.06483597308397293; val_WER: 0.1784159243106842
2023-07-02 01:03:31,053 - root - INFO - Epoch 238; loss: 1.0688539743423462; CER: 0.07181917876005173; WER: 0.20181319117546082; val_loss: 1.0794812440872192; val_CER: 0.06369689851999283; val_WER: 0.1747874766588211
2023-07-02 01:22:14,943 - root - INFO - Epoch 239; loss: 1.0616182088851929; CER: 0.07149045169353485; WER: 0.2014445662498474; val_loss: 1.084420919418335; val_CER: 0.06361614912748337; val_WER: 0.1755131632089615
2023-07-02 01:42:21,034 - root - INFO - Epoch 240; loss: 1.056359887123108; CER: 0.07150673866271973; WER: 0.20217031240463257; val_loss: 1.0652204751968384; val_CER: 0.06300713121891022; val_WER: 0.17437279224395752
2023-07-02 02:02:54,286 - root - INFO - Epoch 241; loss: 1.0621534585952759; CER: 0.07135345786809921; WER: 0.2020205557346344; val_loss: 1.104504108428955; val_CER: 0.06406541168689728; val_WER: 0.1754094958305359
2023-07-02 02:23:33,415 - root - INFO - Epoch 242; loss: 1.0647833347320557; CER: 0.07108459621667862; WER: 0.20013132691383362; val_loss: 1.0727289915084839; val_CER: 0.06306459754705429; val_WER: 0.1713663637638092
2023-07-02 02:44:18,855 - root - INFO - Epoch 243; loss: 1.0490922927856445; CER: 0.07051102072000504; WER: 0.19891023635864258; val_loss: 1.0669835805892944; val_CER: 0.06211879104375839; val_WER: 0.17074434459209442
2023-07-02 03:05:10,849 - root - INFO - Epoch 244; loss: 1.0475984811782837; CER: 0.07017655670642853; WER: 0.1995207816362381; val_loss: 1.0626710653305054; val_CER: 0.06245871260762215; val_WER: 0.1718847155570984
2023-07-02 03:25:52,698 - root - INFO - Epoch 245; loss: 1.0498950481414795; CER: 0.07119081169366837; WER: 0.19937102496623993; val_loss: 1.0850986242294312; val_CER: 0.06432991474866867; val_WER: 0.17333610355854034
2023-07-02 03:47:21,373 - root - INFO - Epoch 246; loss: 1.0404657125473022; CER: 0.06969361007213593; WER: 0.19705557823181152; val_loss: 1.0641356706619263; val_CER: 0.06214882433414459; val_WER: 0.17074434459209442
2023-07-02 04:07:59,460 - root - INFO - Epoch 247; loss: 1.0492680072784424; CER: 0.0711815357208252; WER: 0.19994701445102692; val_loss: 1.07589590549469; val_CER: 0.06313993036746979; val_WER: 0.1715737134218216
2023-07-02 04:29:31,088 - root - INFO - Epoch 248; loss: 1.0415345430374146; CER: 0.07094370573759079; WER: 0.1987604796886444; val_loss: 1.0631073713302612; val_CER: 0.06238485872745514; val_WER: 0.17053700983524323
2023-07-02 04:50:15,606 - root - INFO - Epoch 249; loss: 1.039812684059143; CER: 0.06942392885684967; WER: 0.19660630822181702; val_loss: 1.107250452041626; val_CER: 0.06390504539012909; val_WER: 0.1749948114156723
2023-07-02 05:11:04,037 - root - INFO - Epoch 250; loss: 1.022470474243164; CER: 0.06891746073961258; WER: 0.19527001678943634; val_loss: 1.0614957809448242; val_CER: 0.06223496422171593; val_WER: 0.17240306735038757
2023-07-02 05:31:55,197 - root - INFO - Epoch 251; loss: 1.0423619747161865; CER: 0.06982629001140594; WER: 0.19895631074905396; val_loss: 1.0492527484893799; val_CER: 0.061471715569496155; val_WER: 0.16991499066352844
2023-07-02 05:52:39,216 - root - INFO - Epoch 252; loss: 1.0361534357070923; CER: 0.06957690417766571; WER: 0.19713620841503143; val_loss: 1.07904851436615; val_CER: 0.065005823969841; val_WER: 0.17748288810253143
2023-07-02 06:13:16,780 - root - INFO - Epoch 253; loss: 1.0277318954467773; CER: 0.0688927173614502; WER: 0.19651414453983307; val_loss: 1.0986554622650146; val_CER: 0.06353484839200974; val_WER: 0.17613518238067627
2023-07-02 06:34:12,368 - root - INFO - Epoch 254; loss: 1.0274409055709839; CER: 0.06920193880796432; WER: 0.19719380140304565; val_loss: 1.0650644302368164; val_CER: 0.06182984635233879; val_WER: 0.16887828707695007
2023-07-02 06:55:05,571 - root - INFO - Epoch 255; loss: 1.0207691192626953; CER: 0.06857756525278091; WER: 0.1945212483406067; val_loss: 1.0823616981506348; val_CER: 0.06326158344745636; val_WER: 0.17219573259353638
2023-07-02 07:16:01,144 - root - INFO - Epoch 256; loss: 1.0327625274658203; CER: 0.06945563107728958; WER: 0.19776979088783264; val_loss: 1.1066564321517944; val_CER: 0.06515836715698242; val_WER: 0.17623884975910187
2023-07-02 07:36:46,981 - root - INFO - Epoch 257; loss: 1.017288088798523; CER: 0.06856719404459; WER: 0.196445032954216; val_loss: 1.0792551040649414; val_CER: 0.06357300281524658; val_WER: 0.17281775176525116
2023-07-02 07:57:33,160 - root - INFO - Epoch 258; loss: 1.042216420173645; CER: 0.07039303332567215; WER: 0.1996244639158249; val_loss: 1.0829232931137085; val_CER: 0.06298981606960297; val_WER: 0.17261040210723877
2023-07-02 08:18:16,343 - root - INFO - Epoch 259; loss: 1.0205583572387695; CER: 0.06981918960809708; WER: 0.19695189595222473; val_loss: 1.0840203762054443; val_CER: 0.0638846755027771; val_WER: 0.17375077307224274
2023-07-02 08:40:40,890 - root - INFO - Epoch 260; loss: 1.0180381536483765; CER: 0.06915539503097534; WER: 0.19603031873703003; val_loss: 1.1001603603363037; val_CER: 0.06484179943799973; val_WER: 0.17800123989582062
2023-07-02 09:01:21,718 - root - INFO - Epoch 261; loss: 1.0298655033111572; CER: 0.06946294754743576; WER: 0.19438301026821136; val_loss: 1.0699036121368408; val_CER: 0.06382258236408234; val_WER: 0.17333610355854034
2023-07-02 09:22:25,100 - root - INFO - Epoch 262; loss: 1.0138086080551147; CER: 0.06840218603610992; WER: 0.1944175660610199; val_loss: 1.0515564680099487; val_CER: 0.062126561999320984; val_WER: 0.16939663887023926
2023-07-02 09:43:15,984 - root - INFO - Epoch 263; loss: 1.0095306634902954; CER: 0.06883600354194641; WER: 0.19459035992622375; val_loss: 1.0635735988616943; val_CER: 0.06218050420284271; val_WER: 0.16981132328510284
2023-07-02 10:03:53,827 - root - INFO - Epoch 264; loss: 1.004357933998108; CER: 0.06750304996967316; WER: 0.19264353811740875; val_loss: 1.0678536891937256; val_CER: 0.06297617405653; val_WER: 0.1710553616285324
2023-07-02 10:25:31,886 - root - INFO - Epoch 265; loss: 1.0022920370101929; CER: 0.06729744374752045; WER: 0.19214819371700287; val_loss: 1.0692336559295654; val_CER: 0.06224538013339043; val_WER: 0.16939663887023926
2023-07-02 10:46:05,506 - root - INFO - Epoch 266; loss: 1.002049207687378; CER: 0.06814607232809067; WER: 0.19195234775543213; val_loss: 1.0570319890975952; val_CER: 0.06247686594724655; val_WER: 0.1715737134218216
2023-07-02 11:06:22,928 - root - INFO - Epoch 267; loss: 1.0019080638885498; CER: 0.06810777634382248; WER: 0.19248226284980774; val_loss: 1.0611164569854736; val_CER: 0.06263644993305206; val_WER: 0.17354343831539154
2023-07-02 11:26:52,501 - root - INFO - Epoch 268; loss: 1.0114938020706177; CER: 0.06788400560617447; WER: 0.19259746372699738; val_loss: 1.0544928312301636; val_CER: 0.06161762401461601; val_WER: 0.1709516942501068
2023-07-02 11:47:43,837 - root - INFO - Epoch 269; loss: 0.9959254264831543; CER: 0.06799951195716858; WER: 0.19161827862262726; val_loss: 1.0841107368469238; val_CER: 0.0645090788602829; val_WER: 0.1750984936952591
2023-07-02 12:08:43,578 - root - INFO - Epoch 270; loss: 0.9968928098678589; CER: 0.06790904700756073; WER: 0.19227489829063416; val_loss: 1.0619910955429077; val_CER: 0.06387165933847427; val_WER: 0.17323242127895355
2023-07-02 12:30:40,983 - root - INFO - Epoch 271; loss: 0.9994744062423706; CER: 0.06724436581134796; WER: 0.19150309264659882; val_loss: 1.0773690938949585; val_CER: 0.062314294278621674; val_WER: 0.17292141914367676
2023-07-02 12:30:44,291 - tf2onnx.tfonnx - INFO - Using tensorflow=2.12.0, onnx=1.14.0, tf2onnx=1.14.0/8f8d49
2023-07-02 12:30:44,291 - tf2onnx.tfonnx - INFO - Using opset <onnx, 15>
2023-07-02 12:30:44,356 - tf2onnx.tf_utils - INFO - Computed 0 values for constant folding
2023-07-02 12:30:44,359 - tf2onnx.tf_utils - INFO - Computed 0 values for constant folding
2023-07-02 12:30:44,362 - tf2onnx.tf_utils - INFO - Computed 0 values for constant folding
2023-07-02 12:30:44,364 - tf2onnx.tf_utils - INFO - Computed 0 values for constant folding
2023-07-02 12:30:44,406 - tf2onnx.tf_utils - INFO - Computed 2 values for constant folding
2023-07-02 12:30:44,480 - tf2onnx.tfonnx - INFO - folding node using tf type=StridedSlice, name=model/bidirectional/forward_lstm/PartitionedCall/strided_slice
2023-07-02 12:30:44,515 - tf2onnx.tfonnx - INFO - folding node using tf type=StridedSlice, name=model/bidirectional/backward_lstm/PartitionedCall/strided_slice
2023-07-02 12:30:45,344 - tf2onnx.optimizer - INFO - Optimizing ONNX model
2023-07-02 12:30:45,746 - tf2onnx.optimizer - INFO - After optimization: BatchNormalization -18 (18->0), Cast -4 (11->7), Concat -4 (10->6), Const -129 (192->63), Expand -3 (4->1), Gather +2 (2->4), Identity -2 (2->0), Shape -1 (4->3), Slice -1 (5->4), Squeeze -3 (5->2), Transpose -81 (85->4), Unsqueeze -14 (17->3)
